<?xml version="1.0" encoding="UTF-8"?>
<!-- Generated by org.testng.reporters.JUnitXMLReporter -->
<testsuite ignored="6" hostname="DESKTOP-SBTNFQP" failures="0" tests="5" name="POMframework" time="42.081" errors="0" timestamp="2023-10-12T11:33:27 IST">
  <testcase classname="com.Booking.qa.TestPages.HomePageTest" name="testTitle" time="0.035"/>
  <testcase classname="com.Booking.qa.TestPages.HomePageTest" name="logintest" time="0.439"/>
  <testcase classname="com.Booking.qa.TestPages.HomePageTest" name="testdetails" time="4.09"/>
  <testcase classname="com.Booking.qa.TestPages.TestsigninPage" name="testaccount" time="2.392"/>
  <testcase classname="com.Booking.qa.TestPages.TestSearchpage" name="searchPages" time="2.636"/>
  <testcase classname="com.Booking.qa.Base.BaseTest" name="@BeforeSuite InitalizeExtentReport" time="0.0">
    <ignored/>
  </testcase> <!-- @BeforeSuite InitalizeExtentReport -->
  <testcase classname="com.Booking.qa.Base.BaseTest" name="@BeforeSuite InitalizeExtentReport" time="0.0">
    <ignored/>
  </testcase> <!-- @BeforeSuite InitalizeExtentReport -->
  <testcase classname="com.Booking.qa.Base.BaseTest" name="@AfterSuite generateReports" time="0.0">
    <ignored/>
  </testcase> <!-- @AfterSuite generateReports -->
  <testcase classname="com.Booking.qa.Base.BaseTest" name="@AfterSuite generateReports" time="0.0">
    <ignored/>
  </testcase> <!-- @AfterSuite generateReports -->
  <testcase classname="com.Booking.qa.Base.BaseTest" name="@BeforeTest getnameMethod" time="0.0">
    <ignored/>
  </testcase> <!-- @BeforeTest getnameMethod -->
  <testcase classname="com.Booking.qa.Base.BaseTest" name="@BeforeTest getnameMethod" time="0.0">
    <ignored/>
  </testcase> <!-- @BeforeTest getnameMethod -->
</testsuite> <!-- POMframework -->
